<?xml version="1.0" encoding="UTF-8"?>
<!-- Generated by org.testng.reporters.JUnitReportReporter -->
<testsuite skipped="3" hostname="P4ALAP-7172YCJ" name="demo.acn.internal.tests.Sample_Test_3" tests="3" failures="0" timestamp="16 Feb 2018 15:23:22 GMT" time="1.172" errors="0">
  <testcase name="LoginTest" time="0.086" classname="demo.acn.internal.tests.Sample_Test_3">
    <skipped/>
  </testcase> <!-- LoginTest -->
  <testcase name="LoginTest" time="0.714" classname="demo.acn.internal.tests.Sample_Test_3">
    <skipped/>
  </testcase> <!-- LoginTest -->
  <testcase name="LoginTest" time="0.372" classname="demo.acn.internal.tests.Sample_Test_3">
    <skipped/>
  </testcase> <!-- LoginTest -->
</testsuite> <!-- demo.acn.internal.tests.Sample_Test_3 -->
