<?xml version="1.0" encoding="UTF-8"?>
<!-- Generated by org.testng.reporters.JUnitReportReporter -->
<testsuite skipped="0" hostname="P5-H7XHH92" name="org.testing.advanced.selenium.Retest" tests="1" failures="0" timestamp="10 Jul 2018 07:42:46 GMT" time="0.017" errors="0">
  <testcase name="retest" time="0.017" classname="org.testing.advanced.selenium.Retest"/>
</testsuite> <!-- org.testing.advanced.selenium.Retest -->
